<?xml version="1.0" encoding="UTF-8"?>
<coverage generated="1691159407529" clover="3.2.0">
  <project timestamp="1691159407529" name="All files">
    <metrics statements="50" coveredstatements="38" conditionals="16" coveredconditionals="9" methods="19" coveredmethods="9" elements="85" coveredelements="56" complexity="0" loc="50" ncloc="50" packages="3" files="6" classes="6"/>
    <package name="components">
      <metrics statements="46" coveredstatements="34" conditionals="16" coveredconditionals="9" methods="19" coveredmethods="9"/>
      <file name="Body.js" path="C:\Users\mr611\OneDrive\Desktop\NamasteReact\src\components\Body.js">
        <metrics statements="23" coveredstatements="16" conditionals="8" coveredconditionals="4" methods="8" coveredmethods="3"/>
        <line num="9" count="1" type="stmt"/>
        <line num="11" count="0" type="stmt"/>
        <line num="13" count="0" type="stmt"/>
        <line num="17" count="1" type="stmt"/>
        <line num="18" count="6" type="stmt"/>
        <line num="19" count="5" type="stmt"/>
        <line num="20" count="5" type="stmt"/>
        <line num="25" count="5" type="stmt"/>
        <line num="26" count="3" type="stmt"/>
        <line num="29" count="5" type="stmt"/>
        <line num="30" count="3" type="stmt"/>
        <line num="33" count="3" type="stmt"/>
        <line num="37" count="3" type="stmt"/>
        <line num="38" count="3" type="stmt"/>
        <line num="44" count="5" type="stmt"/>
        <line num="45" count="5" type="cond" truecount="1" falsecount="1"/>
        <line num="46" count="0" type="stmt"/>
        <line num="51" count="5" type="cond" truecount="2" falsecount="0"/>
        <line num="54" count="3" type="cond" truecount="1" falsecount="1"/>
        <line num="66" count="0" type="stmt"/>
        <line num="75" count="0" type="stmt"/>
        <line num="77" count="0" type="stmt"/>
        <line num="91" count="0" type="stmt"/>
      </file>
      <file name="Card_Detail.js" path="C:\Users\mr611\OneDrive\Desktop\NamasteReact\src\components\Card_Detail.js">
        <metrics statements="10" coveredstatements="7" conditionals="4" coveredconditionals="3" methods="4" coveredmethods="1"/>
        <line num="10" count="1" type="stmt"/>
        <line num="11" count="2" type="stmt"/>
        <line num="12" count="2" type="stmt"/>
        <line num="15" count="2" type="stmt"/>
        <line num="19" count="2" type="stmt"/>
        <line num="25" count="2" type="stmt"/>
        <line num="26" count="0" type="stmt"/>
        <line num="29" count="2" type="cond" truecount="3" falsecount="1"/>
        <line num="54" count="0" type="stmt"/>
        <line num="57" count="0" type="stmt"/>
      </file>
      <file name="Header.js" path="C:\Users\mr611\OneDrive\Desktop\NamasteReact\src\components\Header.js">
        <metrics statements="10" coveredstatements="8" conditionals="4" coveredconditionals="2" methods="5" coveredmethods="3"/>
        <line num="7" count="2" type="stmt"/>
        <line num="8" count="4" type="stmt"/>
        <line num="21" count="2" type="stmt"/>
        <line num="22" count="4" type="stmt"/>
        <line num="23" count="4" type="stmt"/>
        <line num="24" count="4" type="stmt"/>
        <line num="29" count="8" type="stmt"/>
        <line num="32" count="4" type="stmt"/>
        <line num="60" count="0" type="stmt"/>
        <line num="62" count="0" type="stmt"/>
      </file>
      <file name="Shimmer.js" path="C:\Users\mr611\OneDrive\Desktop\NamasteReact\src\components\Shimmer.js">
        <metrics statements="3" coveredstatements="3" conditionals="0" coveredconditionals="0" methods="2" coveredmethods="2"/>
        <line num="3" count="2" type="stmt"/>
        <line num="4" count="5" type="stmt"/>
        <line num="15" count="75" type="stmt"/>
      </file>
    </package>
    <package name="helper">
      <metrics statements="2" coveredstatements="2" conditionals="0" coveredconditionals="0" methods="0" coveredmethods="0"/>
      <file name="store.js" path="C:\Users\mr611\OneDrive\Desktop\NamasteReact\src\helper\store.js">
        <metrics statements="2" coveredstatements="2" conditionals="0" coveredconditionals="0" methods="0" coveredmethods="0"/>
        <line num="1" count="3" type="stmt"/>
        <line num="3" count="3" type="stmt"/>
      </file>
    </package>
    <package name="mocks">
      <metrics statements="2" coveredstatements="2" conditionals="0" coveredconditionals="0" methods="0" coveredmethods="0"/>
      <file name="RestaurantMocks.js" path="C:\Users\mr611\OneDrive\Desktop\NamasteReact\src\mocks\RestaurantMocks.js">
        <metrics statements="2" coveredstatements="2" conditionals="0" coveredconditionals="0" methods="0" coveredmethods="0"/>
        <line num="2" count="2" type="stmt"/>
        <line num="8570" count="2" type="stmt"/>
      </file>
    </package>
  </project>
</coverage>
