<?xml version="1.0" encoding="UTF-8"?>
<coverage generated="1691005686380" clover="3.2.0">
  <project timestamp="1691005686380" name="All files">
    <metrics statements="33" coveredstatements="25" conditionals="4" coveredconditionals="2" methods="15" coveredmethods="7" elements="52" coveredelements="34" complexity="0" loc="33" ncloc="33" packages="2" files="6" classes="6"/>
    <package name="components">
      <metrics statements="11" coveredstatements="9" conditionals="4" coveredconditionals="2" methods="6" coveredmethods="4"/>
      <file name="Header.js" path="C:\Users\mr611\OneDrive\Desktop\NamasteReact\src\components\Header.js">
        <metrics statements="10" coveredstatements="8" conditionals="4" coveredconditionals="2" methods="5" coveredmethods="3"/>
        <line num="7" count="1" type="stmt"/>
        <line num="8" count="1" type="stmt"/>
        <line num="21" count="1" type="stmt"/>
        <line num="22" count="1" type="stmt"/>
        <line num="23" count="1" type="stmt"/>
        <line num="24" count="1" type="stmt"/>
        <line num="29" count="2" type="stmt"/>
        <line num="32" count="1" type="stmt"/>
        <line num="60" count="0" type="stmt"/>
        <line num="62" count="0" type="stmt"/>
      </file>
      <file name="sum.js" path="C:\Users\mr611\OneDrive\Desktop\NamasteReact\src\components\sum.js">
        <metrics statements="1" coveredstatements="1" conditionals="0" coveredconditionals="0" methods="1" coveredmethods="1"/>
        <line num="1" count="1" type="stmt"/>
      </file>
    </package>
    <package name="helper">
      <metrics statements="22" coveredstatements="16" conditionals="0" coveredconditionals="0" methods="9" coveredmethods="3"/>
      <file name="Context.js" path="C:\Users\mr611\OneDrive\Desktop\NamasteReact\src\helper\Context.js">
        <metrics statements="1" coveredstatements="1" conditionals="0" coveredconditionals="0" methods="0" coveredmethods="0"/>
        <line num="5" count="1" type="stmt"/>
      </file>
      <file name="cartSlice.js" path="C:\Users\mr611\OneDrive\Desktop\NamasteReact\src\helper\cartSlice.js">
        <metrics statements="6" coveredstatements="2" conditionals="0" coveredconditionals="0" methods="4" coveredmethods="0"/>
        <line num="3" count="1" type="stmt"/>
        <line num="12" count="0" type="stmt"/>
        <line num="15" count="0" type="stmt"/>
        <line num="16" count="0" type="stmt"/>
        <line num="21" count="0" type="stmt"/>
        <line num="26" count="1" type="stmt"/>
      </file>
      <file name="store.js" path="C:\Users\mr611\OneDrive\Desktop\NamasteReact\src\helper\store.js">
        <metrics statements="2" coveredstatements="2" conditionals="0" coveredconditionals="0" methods="0" coveredmethods="0"/>
        <line num="1" count="1" type="stmt"/>
        <line num="3" count="1" type="stmt"/>
      </file>
      <file name="useOnline.js" path="C:\Users\mr611\OneDrive\Desktop\NamasteReact\src\helper\useOnline.js">
        <metrics statements="13" coveredstatements="11" conditionals="0" coveredconditionals="0" methods="5" coveredmethods="3"/>
        <line num="3" count="1" type="stmt"/>
        <line num="5" count="1" type="stmt"/>
        <line num="8" count="1" type="stmt"/>
        <line num="9" count="1" type="stmt"/>
        <line num="10" count="0" type="stmt"/>
        <line num="13" count="1" type="stmt"/>
        <line num="14" count="0" type="stmt"/>
        <line num="17" count="1" type="stmt"/>
        <line num="19" count="1" type="stmt"/>
        <line num="22" count="1" type="stmt"/>
        <line num="23" count="1" type="stmt"/>
        <line num="24" count="1" type="stmt"/>
        <line num="30" count="1" type="stmt"/>
      </file>
    </package>
  </project>
</coverage>
