{"C:\\Users\\mr611\\OneDrive\\Desktop\\NamasteReact\\src\\components\\Header.js": {"path":"C:\\Users\\mr611\\OneDrive\\Desktop\\NamasteReact\\src\\components\\Header.js","statementMap":{"0":{"start":{"line":7,"column":14},"end":{"line":19,"column":1}},"1":{"start":{"line":8,"column":2},"end":{"line":18,"column":4}},"2":{"start":{"line":21,"column":22},"end":{"line":66,"column":1}},"3":{"start":{"line":22,"column":17},"end":{"line":22,"column":28}},"4":{"start":{"line":23,"column":34},"end":{"line":23,"column":49}},"5":{"start":{"line":24,"column":15},"end":{"line":24,"column":34}},"6":{"start":{"line":29,"column":18},"end":{"line":29,"column":54}},"7":{"start":{"line":29,"column":37},"end":{"line":29,"column":53}},"8":{"start":{"line":32,"column":2},"end":{"line":65,"column":4}},"9":{"start":{"line":60,"column":33},"end":{"line":60,"column":51}},"10":{"start":{"line":62,"column":33},"end":{"line":62,"column":50}}},"fnMap":{"0":{"name":"(anonymous_0)","decl":{"start":{"line":7,"column":14},"end":{"line":7,"column":15}},"loc":{"start":{"line":7,"column":20},"end":{"line":19,"column":1}},"line":7},"1":{"name":"(anonymous_1)","decl":{"start":{"line":21,"column":22},"end":{"line":21,"column":23}},"loc":{"start":{"line":21,"column":28},"end":{"line":66,"column":1}},"line":21},"2":{"name":"(anonymous_2)","decl":{"start":{"line":29,"column":30},"end":{"line":29,"column":31}},"loc":{"start":{"line":29,"column":37},"end":{"line":29,"column":53}},"line":29},"3":{"name":"(anonymous_3)","decl":{"start":{"line":60,"column":27},"end":{"line":60,"column":28}},"loc":{"start":{"line":60,"column":33},"end":{"line":60,"column":51}},"line":60},"4":{"name":"(anonymous_4)","decl":{"start":{"line":62,"column":27},"end":{"line":62,"column":28}},"loc":{"start":{"line":62,"column":33},"end":{"line":62,"column":50}},"line":62}},"branchMap":{"0":{"loc":{"start":{"line":56,"column":37},"end":{"line":56,"column":57}},"type":"cond-expr","locations":[{"start":{"line":56,"column":47},"end":{"line":56,"column":51}},{"start":{"line":56,"column":53},"end":{"line":56,"column":57}}],"line":56},"1":{"loc":{"start":{"line":59,"column":9},"end":{"line":63,"column":9}},"type":"cond-expr","locations":[{"start":{"line":60,"column":10},"end":{"line":60,"column":67}},{"start":{"line":62,"column":10},"end":{"line":62,"column":67}}],"line":59}},"s":{"0":1,"1":1,"2":1,"3":1,"4":1,"5":1,"6":1,"7":2,"8":1,"9":0,"10":0},"f":{"0":1,"1":1,"2":2,"3":0,"4":0},"b":{"0":[1,0],"1":[0,1]},"_coverageSchema":"1a1c01bbd47fc00a2c39e90264f33305004495a9","hash":"a9cffebba0cefd3489337142c1d05b348709126c"}
,"C:\\Users\\mr611\\OneDrive\\Desktop\\NamasteReact\\src\\components\\sum.js": {"path":"C:\\Users\\mr611\\OneDrive\\Desktop\\NamasteReact\\src\\components\\sum.js","statementMap":{"0":{"start":{"line":1,"column":17},"end":{"line":1,"column":27}},"1":{"start":{"line":1,"column":24},"end":{"line":1,"column":27}}},"fnMap":{"0":{"name":"(anonymous_0)","decl":{"start":{"line":1,"column":17},"end":{"line":1,"column":18}},"loc":{"start":{"line":1,"column":24},"end":{"line":1,"column":27}},"line":1}},"branchMap":{},"s":{"0":1,"1":1},"f":{"0":1},"b":{},"_coverageSchema":"1a1c01bbd47fc00a2c39e90264f33305004495a9","hash":"79555ab7c431d427d6b1b923d70c3960b3562b2e"}
,"C:\\Users\\mr611\\OneDrive\\Desktop\\NamasteReact\\src\\helper\\Context.js": {"path":"C:\\Users\\mr611\\OneDrive\\Desktop\\NamasteReact\\src\\helper\\Context.js","statementMap":{"0":{"start":{"line":5,"column":14},"end":{"line":10,"column":2}}},"fnMap":{},"branchMap":{},"s":{"0":1},"f":{},"b":{},"_coverageSchema":"1a1c01bbd47fc00a2c39e90264f33305004495a9","hash":"ba2e0831b3b7aee79fa96af5da990f17537a3eab"}
,"C:\\Users\\mr611\\OneDrive\\Desktop\\NamasteReact\\src\\helper\\cartSlice.js": {"path":"C:\\Users\\mr611\\OneDrive\\Desktop\\NamasteReact\\src\\helper\\cartSlice.js","statementMap":{"0":{"start":{"line":3,"column":16},"end":{"line":24,"column":2}},"1":{"start":{"line":12,"column":10},"end":{"line":12,"column":42}},"2":{"start":{"line":15,"column":12},"end":{"line":17,"column":14}},"3":{"start":{"line":16,"column":14},"end":{"line":16,"column":46}},"4":{"start":{"line":21,"column":12},"end":{"line":21,"column":27}},"5":{"start":{"line":26,"column":52},"end":{"line":26,"column":69}}},"fnMap":{"0":{"name":"(anonymous_0)","decl":{"start":{"line":11,"column":16},"end":{"line":11,"column":17}},"loc":{"start":{"line":11,"column":32},"end":{"line":13,"column":9}},"line":11},"1":{"name":"(anonymous_1)","decl":{"start":{"line":14,"column":28},"end":{"line":14,"column":29}},"loc":{"start":{"line":14,"column":44},"end":{"line":18,"column":10}},"line":14},"2":{"name":"(anonymous_2)","decl":{"start":{"line":15,"column":43},"end":{"line":15,"column":44}},"loc":{"start":{"line":15,"column":51},"end":{"line":17,"column":13}},"line":15},"3":{"name":"(anonymous_3)","decl":{"start":{"line":20,"column":18},"end":{"line":20,"column":19}},"loc":{"start":{"line":20,"column":27},"end":{"line":22,"column":9}},"line":20}},"branchMap":{},"s":{"0":1,"1":0,"2":0,"3":0,"4":0,"5":1},"f":{"0":0,"1":0,"2":0,"3":0},"b":{},"_coverageSchema":"1a1c01bbd47fc00a2c39e90264f33305004495a9","hash":"3c3b345b8299fc4f079f4dc14c5cc4caf3ca6736"}
,"C:\\Users\\mr611\\OneDrive\\Desktop\\NamasteReact\\src\\helper\\store.js": {"path":"C:\\Users\\mr611\\OneDrive\\Desktop\\NamasteReact\\src\\helper\\store.js","statementMap":{"0":{"start":{"line":1,"column":27},"end":{"line":1,"column":54}},"1":{"start":{"line":3,"column":12},"end":{"line":8,"column":2}}},"fnMap":{},"branchMap":{},"s":{"0":1,"1":1},"f":{},"b":{},"_coverageSchema":"1a1c01bbd47fc00a2c39e90264f33305004495a9","hash":"57963a6395c5453da32bcfde378152f64e8b42d6"}
,"C:\\Users\\mr611\\OneDrive\\Desktop\\NamasteReact\\src\\helper\\useOnline.js": {"path":"C:\\Users\\mr611\\OneDrive\\Desktop\\NamasteReact\\src\\helper\\useOnline.js","statementMap":{"0":{"start":{"line":3,"column":18},"end":{"line":31,"column":1}},"1":{"start":{"line":5,"column":34},"end":{"line":5,"column":48}},"2":{"start":{"line":8,"column":2},"end":{"line":26,"column":9}},"3":{"start":{"line":9,"column":25},"end":{"line":11,"column":5}},"4":{"start":{"line":10,"column":6},"end":{"line":10,"column":24}},"5":{"start":{"line":13,"column":26},"end":{"line":15,"column":5}},"6":{"start":{"line":14,"column":6},"end":{"line":14,"column":25}},"7":{"start":{"line":17,"column":4},"end":{"line":17,"column":52}},"8":{"start":{"line":19,"column":4},"end":{"line":19,"column":54}},"9":{"start":{"line":22,"column":4},"end":{"line":25,"column":6}},"10":{"start":{"line":23,"column":6},"end":{"line":23,"column":57}},"11":{"start":{"line":24,"column":6},"end":{"line":24,"column":59}},"12":{"start":{"line":30,"column":2},"end":{"line":30,"column":18}}},"fnMap":{"0":{"name":"(anonymous_0)","decl":{"start":{"line":3,"column":18},"end":{"line":3,"column":19}},"loc":{"start":{"line":3,"column":24},"end":{"line":31,"column":1}},"line":3},"1":{"name":"(anonymous_1)","decl":{"start":{"line":8,"column":12},"end":{"line":8,"column":13}},"loc":{"start":{"line":8,"column":18},"end":{"line":26,"column":3}},"line":8},"2":{"name":"(anonymous_2)","decl":{"start":{"line":9,"column":25},"end":{"line":9,"column":26}},"loc":{"start":{"line":9,"column":31},"end":{"line":11,"column":5}},"line":9},"3":{"name":"(anonymous_3)","decl":{"start":{"line":13,"column":26},"end":{"line":13,"column":27}},"loc":{"start":{"line":13,"column":32},"end":{"line":15,"column":5}},"line":13},"4":{"name":"(anonymous_4)","decl":{"start":{"line":22,"column":11},"end":{"line":22,"column":12}},"loc":{"start":{"line":22,"column":17},"end":{"line":25,"column":5}},"line":22}},"branchMap":{},"s":{"0":1,"1":1,"2":1,"3":1,"4":0,"5":1,"6":0,"7":1,"8":1,"9":1,"10":1,"11":1,"12":1},"f":{"0":1,"1":1,"2":0,"3":0,"4":1},"b":{},"_coverageSchema":"1a1c01bbd47fc00a2c39e90264f33305004495a9","hash":"c60ffb650fd4571026c04c981bc3fe9bf22f2a41"}
}
