TN:
SF:src\components\Body.js
FN:9,(anonymous_0)
FN:12,(anonymous_1)
FN:17,(anonymous_2)
FN:25,(anonymous_3)
FN:29,(anonymous_4)
FN:65,(anonymous_5)
FN:73,(anonymous_6)
FN:89,(anonymous_7)
FNF:8
FNH:3
FNDA:0,(anonymous_0)
FNDA:0,(anonymous_1)
FNDA:6,(anonymous_2)
FNDA:3,(anonymous_3)
FNDA:3,(anonymous_4)
FNDA:0,(anonymous_5)
FNDA:0,(anonymous_6)
FNDA:0,(anonymous_7)
DA:9,1
DA:11,0
DA:13,0
DA:17,1
DA:18,6
DA:19,5
DA:20,5
DA:25,5
DA:26,3
DA:29,5
DA:30,3
DA:33,3
DA:37,3
DA:38,3
DA:44,5
DA:45,5
DA:46,0
DA:51,5
DA:54,3
DA:66,0
DA:75,0
DA:77,0
DA:91,0
LF:23
LH:16
BRDA:45,0,0,0
BRDA:45,0,1,5
BRDA:51,1,0,2
BRDA:51,1,1,3
BRDA:54,2,0,3
BRDA:54,2,1,0
BRDA:86,3,0,0
BRDA:86,3,1,0
BRF:8
BRH:4
end_of_record
TN:
SF:src\components\Card_Detail.js
FN:10,(anonymous_0)
FN:25,(anonymous_1)
FN:53,(anonymous_2)
FN:57,(anonymous_3)
FNF:4
FNH:1
FNDA:2,(anonymous_0)
FNDA:0,(anonymous_1)
FNDA:0,(anonymous_2)
FNDA:0,(anonymous_3)
DA:10,1
DA:11,2
DA:12,2
DA:15,2
DA:19,2
DA:25,2
DA:26,0
DA:29,2
DA:54,0
DA:57,0
LF:10
LH:7
BRDA:29,0,0,2
BRDA:29,0,1,0
BRDA:29,1,0,2
BRDA:29,1,1,2
BRF:4
BRH:3
end_of_record
TN:
SF:src\components\Header.js
FN:7,(anonymous_0)
FN:21,(anonymous_1)
FN:29,(anonymous_2)
FN:60,(anonymous_3)
FN:62,(anonymous_4)
FNF:5
FNH:3
FNDA:4,(anonymous_0)
FNDA:4,(anonymous_1)
FNDA:8,(anonymous_2)
FNDA:0,(anonymous_3)
FNDA:0,(anonymous_4)
DA:7,2
DA:8,4
DA:21,2
DA:22,4
DA:23,4
DA:24,4
DA:29,8
DA:32,4
DA:60,0
DA:62,0
LF:10
LH:8
BRDA:56,0,0,4
BRDA:56,0,1,0
BRDA:59,1,0,0
BRDA:59,1,1,4
BRF:4
BRH:2
end_of_record
TN:
SF:src\components\Shimmer.js
FN:3,(anonymous_0)
FN:14,(anonymous_1)
FNF:2
FNH:2
FNDA:5,(anonymous_0)
FNDA:75,(anonymous_1)
DA:3,2
DA:4,5
DA:15,75
LF:3
LH:3
BRF:0
BRH:0
end_of_record
TN:
SF:src\helper\store.js
FNF:0
FNH:0
DA:1,3
DA:3,3
LF:2
LH:2
BRF:0
BRH:0
end_of_record
TN:
SF:src\mocks\RestaurantMocks.js
FNF:0
FNH:0
DA:2,2
DA:8570,2
LF:2
LH:2
BRF:0
BRH:0
end_of_record
